<?xml version="1.0" encoding="UTF-8"?>
<!-- Generated by org.testng.reporters.JUnitReportReporter -->
<testsuite skipped="0" hostname="LAPTOP-E2EB4JCD" name="qaclickacademy.Mavenjava.AppiumTest" tests="2" failures="0" timestamp="2020-05-07T01:05:31 IST" time="0.016" errors="0">
  <testcase name="NativeAppAndroid" time="0.003" classname="qaclickacademy.Mavenjava.AppiumTest"/>
  <system-out/>
  <testcase name="IOSApps" time="0.013" classname="qaclickacademy.Mavenjava.AppiumTest"/>
  <system-out/>
</testsuite> <!-- qaclickacademy.Mavenjava.AppiumTest -->
